1489444163388	geckodriver	INFO	Listening on 127.0.0.1:34184
1489444164515	mozprofile::profile	INFO	Using profile path /tmp/rust_mozprofile.LJUDKPQlLzvD
1489444164516	geckodriver::marionette	INFO	Starting browser /usr/bin/firefox
1489444164529	geckodriver::marionette	INFO	Connecting to Marionette on localhost:34952

(firefox:4688): GLib-GObject-CRITICAL **: g_object_ref: assertion 'object->ref_count > 0' failed

(firefox:4688): GLib-GObject-CRITICAL **: g_object_unref: assertion 'object->ref_count > 0' failed

(firefox:4688): GLib-GObject-CRITICAL **: g_object_ref: assertion 'object->ref_count > 0' failed

(firefox:4688): GLib-GObject-CRITICAL **: g_object_unref: assertion 'object->ref_count > 0' failed
1489444166269	Marionette	INFO	Listening on port 34952

(/usr/lib/firefox/plugin-container:4751): GLib-GObject-CRITICAL **: g_object_ref: assertion 'object->ref_count > 0' failed

(/usr/lib/firefox/plugin-container:4751): GLib-GObject-CRITICAL **: g_object_unref: assertion 'object->ref_count > 0' failed

(/usr/lib/firefox/plugin-container:4751): GLib-GObject-CRITICAL **: g_object_ref: assertion 'object->ref_count > 0' failed

(/usr/lib/firefox/plugin-container:4751): GLib-GObject-CRITICAL **: g_object_unref: assertion 'object->ref_count > 0' failed

(firefox:4688): GLib-GObject-CRITICAL **: g_type_add_interface_static: assertion 'g_type_parent (interface_type) == G_TYPE_INTERFACE' failed

(firefox:4688): GLib-GObject-CRITICAL **: g_type_add_interface_static: assertion 'g_type_parent (interface_type) == G_TYPE_INTERFACE' failed

(firefox:4688): GLib-GObject-CRITICAL **: g_type_add_interface_static: assertion 'g_type_parent (interface_type) == G_TYPE_INTERFACE' failed

(firefox:4688): GLib-GObject-CRITICAL **: g_type_add_interface_static: assertion 'g_type_parent (interface_type) == G_TYPE_INTERFACE' failed

(firefox:4688): GLib-GObject-CRITICAL **: g_type_add_interface_static: assertion 'g_type_parent (interface_type) == G_TYPE_INTERFACE' failed

(firefox:4688): GLib-GObject-CRITICAL **: g_type_add_interface_static: assertion 'g_type_parent (interface_type) == G_TYPE_INTERFACE' failed
[Child 4751] WARNING: pipe error (3): Connection reset by peer: file /build/firefox-sdnpce/firefox-51.0.1+build2/ipc/chromium/src/chrome/common/ipc_channel_posix.cc, line 323
[Child 4751] ###!!! ABORT: Aborting on channel error.: file /build/firefox-sdnpce/firefox-51.0.1+build2/ipc/glue/MessageChannel.cpp, line 2056
[Child 4751] ###!!! ABORT: Aborting on channel error.: file /build/firefox-sdnpce/firefox-51.0.1+build2/ipc/glue/MessageChannel.cpp, line 2056
1489444277327	geckodriver	INFO	Listening on 127.0.0.1:46264
1489444278482	mozprofile::profile	INFO	Using profile path /tmp/rust_mozprofile.maS1GciDoBEp
1489444278486	geckodriver::marionette	INFO	Starting browser /usr/bin/firefox
1489444278495	geckodriver::marionette	INFO	Connecting to Marionette on localhost:35161

(firefox:4798): GLib-GObject-CRITICAL **: g_object_ref: assertion 'object->ref_count > 0' failed

(firefox:4798): GLib-GObject-CRITICAL **: g_object_unref: assertion 'object->ref_count > 0' failed

(firefox:4798): GLib-GObject-CRITICAL **: g_object_ref: assertion 'object->ref_count > 0' failed

(firefox:4798): GLib-GObject-CRITICAL **: g_object_unref: assertion 'object->ref_count > 0' failed
1489444279858	Marionette	INFO	Listening on port 35161

(/usr/lib/firefox/plugin-container:4857): GLib-GObject-CRITICAL **: g_object_ref: assertion 'object->ref_count > 0' failed

(/usr/lib/firefox/plugin-container:4857): GLib-GObject-CRITICAL **: g_object_unref: assertion 'object->ref_count > 0' failed

(/usr/lib/firefox/plugin-container:4857): GLib-GObject-CRITICAL **: g_object_ref: assertion 'object->ref_count > 0' failed

(/usr/lib/firefox/plugin-container:4857): GLib-GObject-CRITICAL **: g_object_unref: assertion 'object->ref_count > 0' failed

(firefox:4798): GLib-GObject-CRITICAL **: g_type_add_interface_static: assertion 'g_type_parent (interface_type) == G_TYPE_INTERFACE' failed

(firefox:4798): GLib-GObject-CRITICAL **: g_type_add_interface_static: assertion 'g_type_parent (interface_type) == G_TYPE_INTERFACE' failed

(firefox:4798): GLib-GObject-CRITICAL **: g_type_add_interface_static: assertion 'g_type_parent (interface_type) == G_TYPE_INTERFACE' failed

(firefox:4798): GLib-GObject-CRITICAL **: g_type_add_interface_static: assertion 'g_type_parent (interface_type) == G_TYPE_INTERFACE' failed

(firefox:4798): GLib-GObject-CRITICAL **: g_type_add_interface_static: assertion 'g_type_parent (interface_type) == G_TYPE_INTERFACE' failed

(firefox:4798): GLib-GObject-CRITICAL **: g_type_add_interface_static: assertion 'g_type_parent (interface_type) == G_TYPE_INTERFACE' failed
[Child 4857] ###!!! ABORT: Aborting on channel error.: file /build/firefox-sdnpce/firefox-51.0.1+build2/ipc/glue/MessageChannel.cpp, line 2056
[Child 4857] ###!!! ABORT: Aborting on channel error.: file /build/firefox-sdnpce/firefox-51.0.1+build2/ipc/glue/MessageChannel.cpp, line 2056
1489444309836	geckodriver	INFO	Listening on 127.0.0.1:58294
1489444310974	mozprofile::profile	INFO	Using profile path /tmp/rust_mozprofile.SWIyy2wGzCqD
1489444310976	geckodriver::marionette	INFO	Starting browser /usr/bin/firefox
1489444310979	geckodriver::marionette	INFO	Connecting to Marionette on localhost:52213

(firefox:4997): GLib-GObject-CRITICAL **: g_object_ref: assertion 'object->ref_count > 0' failed

(firefox:4997): GLib-GObject-CRITICAL **: g_object_unref: assertion 'object->ref_count > 0' failed

(firefox:4997): GLib-GObject-CRITICAL **: g_object_ref: assertion 'object->ref_count > 0' failed

(firefox:4997): GLib-GObject-CRITICAL **: g_object_unref: assertion 'object->ref_count > 0' failed
1489444311909	Marionette	INFO	Listening on port 52213

(/usr/lib/firefox/plugin-container:5058): GLib-GObject-CRITICAL **: g_object_ref: assertion 'object->ref_count > 0' failed

(/usr/lib/firefox/plugin-container:5058): GLib-GObject-CRITICAL **: g_object_unref: assertion 'object->ref_count > 0' failed

(/usr/lib/firefox/plugin-container:5058): GLib-GObject-CRITICAL **: g_object_ref: assertion 'object->ref_count > 0' failed

(/usr/lib/firefox/plugin-container:5058): GLib-GObject-CRITICAL **: g_object_unref: assertion 'object->ref_count > 0' failed

(firefox:4997): GLib-GObject-CRITICAL **: g_type_add_interface_static: assertion 'g_type_parent (interface_type) == G_TYPE_INTERFACE' failed

(firefox:4997): GLib-GObject-CRITICAL **: g_type_add_interface_static: assertion 'g_type_parent (interface_type) == G_TYPE_INTERFACE' failed

(firefox:4997): GLib-GObject-CRITICAL **: g_type_add_interface_static: assertion 'g_type_parent (interface_type) == G_TYPE_INTERFACE' failed

(firefox:4997): GLib-GObject-CRITICAL **: g_type_add_interface_static: assertion 'g_type_parent (interface_type) == G_TYPE_INTERFACE' failed

(firefox:4997): GLib-GObject-CRITICAL **: g_type_add_interface_static: assertion 'g_type_parent (interface_type) == G_TYPE_INTERFACE' failed

(firefox:4997): GLib-GObject-CRITICAL **: g_type_add_interface_static: assertion 'g_type_parent (interface_type) == G_TYPE_INTERFACE' failed
[Child 5058] ###!!! ABORT: Aborting on channel error.: file /build/firefox-sdnpce/firefox-51.0.1+build2/ipc/glue/MessageChannel.cpp, line 2056
[Child 5058] ###!!! ABORT: Aborting on channel error.: file /build/firefox-sdnpce/firefox-51.0.1+build2/ipc/glue/MessageChannel.cpp, line 2056
1489444408737	geckodriver	INFO	Listening on 127.0.0.1:41023
1489444409846	mozprofile::profile	INFO	Using profile path /tmp/rust_mozprofile.UjulRzPOUk2r
1489444409847	geckodriver::marionette	INFO	Starting browser /usr/bin/firefox
1489444409850	geckodriver::marionette	INFO	Connecting to Marionette on localhost:37200

(firefox:5111): GLib-GObject-CRITICAL **: g_object_ref: assertion 'object->ref_count > 0' failed

(firefox:5111): GLib-GObject-CRITICAL **: g_object_unref: assertion 'object->ref_count > 0' failed

(firefox:5111): GLib-GObject-CRITICAL **: g_object_ref: assertion 'object->ref_count > 0' failed

(firefox:5111): GLib-GObject-CRITICAL **: g_object_unref: assertion 'object->ref_count > 0' failed
1489444410683	Marionette	INFO	Listening on port 37200

(/usr/lib/firefox/plugin-container:5170): GLib-GObject-CRITICAL **: g_object_ref: assertion 'object->ref_count > 0' failed

(/usr/lib/firefox/plugin-container:5170): GLib-GObject-CRITICAL **: g_object_unref: assertion 'object->ref_count > 0' failed

(/usr/lib/firefox/plugin-container:5170): GLib-GObject-CRITICAL **: g_object_ref: assertion 'object->ref_count > 0' failed

(/usr/lib/firefox/plugin-container:5170): GLib-GObject-CRITICAL **: g_object_unref: assertion 'object->ref_count > 0' failed

(firefox:5111): GLib-GObject-CRITICAL **: g_type_add_interface_static: assertion 'g_type_parent (interface_type) == G_TYPE_INTERFACE' failed

(firefox:5111): GLib-GObject-CRITICAL **: g_type_add_interface_static: assertion 'g_type_parent (interface_type) == G_TYPE_INTERFACE' failed

(firefox:5111): GLib-GObject-CRITICAL **: g_type_add_interface_static: assertion 'g_type_parent (interface_type) == G_TYPE_INTERFACE' failed

(firefox:5111): GLib-GObject-CRITICAL **: g_type_add_interface_static: assertion 'g_type_parent (interface_type) == G_TYPE_INTERFACE' failed

(firefox:5111): GLib-GObject-CRITICAL **: g_type_add_interface_static: assertion 'g_type_parent (interface_type) == G_TYPE_INTERFACE' failed

(firefox:5111): GLib-GObject-CRITICAL **: g_type_add_interface_static: assertion 'g_type_parent (interface_type) == G_TYPE_INTERFACE' failed

(firefox:5111): GLib-GObject-CRITICAL **: g_object_ref: assertion 'object->ref_count > 0' failed

(firefox:5111): GLib-GObject-CRITICAL **: g_object_unref: assertion 'object->ref_count > 0' failed
